# JRE version: OpenJDK Runtime Environment (11.0.15) (build 11.0.15+0-b2043.56-9505619)
# Java VM: OpenJDK 64-Bit Server VM (11.0.15+0-b2043.56-9505619, mixed mode, tiered, compressed oops, g1 gc, windows-amd64)
Heap:
 garbage-first heap   total 262144K, used 121933K [0x0000000600000000, 0x0000000800000000)
  region size 2048K, 37 young (75776K), 4 survivors (8192K)
 Metaspace       used 43368K, capacity 44537K, committed 44720K, reserved 1087488K
  class space    used 5670K, capacity 6095K, committed 6144K, reserved 1048576K
GC Heap History (10 events):
Event: 0.726 GC heap before
{Heap before GC invocations=0 (full 0):
 garbage-first heap   total 262144K, used 14336K [0x0000000600000000, 0x0000000800000000)
  region size 2048K, 7 young (14336K), 0 survivors (0K)
 Metaspace       used 6758K, capacity 6937K, committed 7168K, reserved 1056768K
  class space    used 571K, capacity 650K, committed 768K, reserved 1048576K
}
Event: 0.735 GC heap after
{Heap after GC invocations=1 (full 0):
 garbage-first heap   total 262144K, used 4213K [0x0000000600000000, 0x0000000800000000)
  region size 2048K, 1 young (2048K), 1 survivors (2048K)
 Metaspace       used 6758K, capacity 6937K, committed 7168K, reserved 1056768K
  class space    used 571K, capacity 650K, committed 768K, reserved 1048576K
}
Event: 3.791 GC heap before
{Heap before GC invocations=1 (full 0):
 garbage-first heap   total 262144K, used 110709K [0x0000000600000000, 0x0000000800000000)
  region size 2048K, 52 young (106496K), 1 survivors (2048K)
 Metaspace       used 20726K, capacity 21191K, committed 21296K, reserved 1069056K
  class space    used 2477K, capacity 2657K, committed 2688K, reserved 1048576K
}
Event: 3.800 GC heap after
{Heap after GC invocations=2 (full 0):
 garbage-first heap   total 262144K, used 17761K [0x0000000600000000, 0x0000000800000000)
  region size 2048K, 6 young (12288K), 6 survivors (12288K)
 Metaspace       used 20726K, capacity 21191K, committed 21296K, reserved 1069056K
  class space    used 2477K, capacity 2657K, committed 2688K, reserved 1048576K
}
Event: 4.247 GC heap before
{Heap before GC invocations=3 (full 0):
 garbage-first heap   total 262144K, used 44385K [0x0000000600000000, 0x0000000800000000)
  region size 2048K, 19 young (38912K), 6 survivors (12288K)
 Metaspace       used 23512K, capacity 24076K, committed 24368K, reserved 1071104K
  class space    used 2924K, capacity 3154K, committed 3200K, reserved 1048576K
}
Event: 4.255 GC heap after
{Heap after GC invocations=4 (full 0):
 garbage-first heap   total 262144K, used 19103K [0x0000000600000000, 0x0000000800000000)
  region size 2048K, 1 young (2048K), 1 survivors (2048K)
 Metaspace       used 23512K, capacity 24076K, committed 24368K, reserved 1071104K
  class space    used 2924K, capacity 3154K, committed 3200K, reserved 1048576K
}
Event: 11.682 GC heap before
{Heap before GC invocations=4 (full 0):
 garbage-first heap   total 262144K, used 113311K [0x0000000600000000, 0x0000000800000000)
  region size 2048K, 32 young (65536K), 1 survivors (2048K)
 Metaspace       used 29050K, capacity 29943K, committed 30000K, reserved 1075200K
  class space    used 3820K, capacity 4173K, committed 4224K, reserved 1048576K
}
Event: 11.686 GC heap after
{Heap after GC invocations=5 (full 0):
 garbage-first heap   total 262144K, used 54572K [0x0000000600000000, 0x0000000800000000)
  region size 2048K, 3 young (6144K), 3 survivors (6144K)
 Metaspace       used 29050K, capacity 29943K, committed 30000K, reserved 1075200K
  class space    used 3820K, capacity 4173K, committed 4224K, reserved 1048576K
}
Event: 12.629 GC heap before
{Heap before GC invocations=5 (full 0):
 garbage-first heap   total 262144K, used 109868K [0x0000000600000000, 0x0000000800000000)
  region size 2048K, 31 young (63488K), 3 survivors (6144K)
 Metaspace       used 34787K, capacity 35786K, committed 35888K, reserved 1081344K
  class space    used 4619K, capacity 4970K, committed 4992K, reserved 1048576K
}
Event: 12.635 GC heap after
{Heap after GC invocations=6 (full 0):
 garbage-first heap   total 262144K, used 56397K [0x0000000600000000, 0x0000000800000000)
  region size 2048K, 4 young (8192K), 4 survivors (8192K)
 Metaspace       used 34787K, capacity 35786K, committed 35888K, reserved 1081344K
  class space    used 4619K, capacity 4970K, committed 4992K, reserved 1048576K
}

