# JRE version: OpenJDK Runtime Environment (17.0.6) (build 17.0.6+0-b2043.56-9586694)
# Java VM: OpenJDK 64-Bit Server VM (17.0.6+0-b2043.56-9586694, mixed mode, tiered, compressed oops, compressed class ptrs, g1 gc, windows-amd64)
GC Precious Log:
 CPUs: 4 total, 4 available
 Memory: 16332M
 Large Page Support: Disabled
 NUMA Support: Disabled
 Compressed Oops: Enabled (Zero based)
 Heap Region Size: 8M
 Heap Min Capacity: 8M
 Heap Initial Capacity: 256M
 Heap Max Capacity: 10G
 Pre-touch: Disabled
 Parallel Workers: 4
 Concurrent Workers: 1
 Concurrent Refinement Workers: 4
 Periodic GC: Disabled
Heap:
 garbage-first heap   total 811008K, used 448447K [0x0000000580000000, 0x0000000800000000)
  region size 8192K, 4 young (32768K), 4 survivors (32768K)
 Metaspace       used 154512K, committed 155712K, reserved 1187840K
  class space    used 19724K, committed 20288K, reserved 1048576K
GC Heap History (20 events):
Event: 293.780 GC heap after
{Heap after GC invocations=177 (full 0):
 garbage-first heap   total 786432K, used 243739K [0x0000000580000000, 0x0000000800000000)
  region size 8192K, 1 young (8192K), 1 survivors (8192K)
 Metaspace       used 154051K, committed 155072K, reserved 1187840K
  class space    used 19659K, committed 20160K, reserved 1048576K
}
Event: 295.768 GC heap before
{Heap before GC invocations=177 (full 0):
 garbage-first heap   total 786432K, used 677915K [0x0000000580000000, 0x0000000800000000)
  region size 8192K, 54 young (442368K), 1 survivors (8192K)
 Metaspace       used 154057K, committed 155072K, reserved 1187840K
  class space    used 19659K, committed 20160K, reserved 1048576K
}
Event: 295.783 GC heap after
{Heap after GC invocations=178 (full 0):
 garbage-first heap   total 786432K, used 256038K [0x0000000580000000, 0x0000000800000000)
  region size 8192K, 3 young (24576K), 3 survivors (24576K)
 Metaspace       used 154057K, committed 155072K, reserved 1187840K
  class space    used 19659K, committed 20160K, reserved 1048576K
}
Event: 297.615 GC heap before
{Heap before GC invocations=178 (full 0):
 garbage-first heap   total 786432K, used 665638K [0x0000000580000000, 0x0000000800000000)
  region size 8192K, 53 young (434176K), 3 survivors (24576K)
 Metaspace       used 154064K, committed 155072K, reserved 1187840K
  class space    used 19659K, committed 20160K, reserved 1048576K
}
Event: 297.627 GC heap after
{Heap after GC invocations=179 (full 0):
 garbage-first heap   total 786432K, used 253154K [0x0000000580000000, 0x0000000800000000)
  region size 8192K, 2 young (16384K), 2 survivors (16384K)
 Metaspace       used 154064K, committed 155072K, reserved 1187840K
  class space    used 19659K, committed 20160K, reserved 1048576K
}
Event: 300.459 GC heap before
{Heap before GC invocations=179 (full 0):
 garbage-first heap   total 786432K, used 670946K [0x0000000580000000, 0x0000000800000000)
  region size 8192K, 53 young (434176K), 2 survivors (16384K)
 Metaspace       used 154099K, committed 155136K, reserved 1187840K
  class space    used 19659K, committed 20160K, reserved 1048576K
}
Event: 300.468 GC heap after
{Heap after GC invocations=180 (full 0):
 garbage-first heap   total 786432K, used 248040K [0x0000000580000000, 0x0000000800000000)
  region size 8192K, 2 young (16384K), 2 survivors (16384K)
 Metaspace       used 154099K, committed 155136K, reserved 1187840K
  class space    used 19659K, committed 20160K, reserved 1048576K
}
Event: 305.914 GC heap before
{Heap before GC invocations=180 (full 0):
 garbage-first heap   total 786432K, used 657640K [0x0000000580000000, 0x0000000800000000)
  region size 8192K, 53 young (434176K), 2 survivors (16384K)
 Metaspace       used 154972K, committed 156032K, reserved 1187840K
  class space    used 19767K, committed 20288K, reserved 1048576K
}
Event: 305.976 GC heap after
{Heap after GC invocations=181 (full 0):
 garbage-first heap   total 786432K, used 341879K [0x0000000580000000, 0x0000000800000000)
  region size 8192K, 7 young (57344K), 7 survivors (57344K)
 Metaspace       used 154972K, committed 156032K, reserved 1187840K
  class space    used 19767K, committed 20288K, reserved 1048576K
}
Event: 307.605 GC heap before
{Heap before GC invocations=181 (full 0):
 garbage-first heap   total 786432K, used 579447K [0x0000000580000000, 0x0000000800000000)
  region size 8192K, 36 young (294912K), 7 survivors (57344K)
 Metaspace       used 155032K, committed 156096K, reserved 1187840K
  class space    used 19769K, committed 20288K, reserved 1048576K
}
Event: 307.707 GC heap after
{Heap after GC invocations=182 (full 0):
 garbage-first heap   total 786432K, used 443551K [0x0000000580000000, 0x0000000800000000)
  region size 8192K, 5 young (40960K), 5 survivors (40960K)
 Metaspace       used 155032K, committed 156096K, reserved 1187840K
  class space    used 19769K, committed 20288K, reserved 1048576K
}
Event: 308.531 GC heap before
{Heap before GC invocations=182 (full 0):
 garbage-first heap   total 786432K, used 582815K [0x0000000580000000, 0x0000000800000000)
  region size 8192K, 22 young (180224K), 5 survivors (40960K)
 Metaspace       used 155057K, committed 156096K, reserved 1187840K
  class space    used 19769K, committed 20288K, reserved 1048576K
}
Event: 308.591 GC heap after
{Heap after GC invocations=183 (full 0):
 garbage-first heap   total 786432K, used 466344K [0x0000000580000000, 0x0000000800000000)
  region size 8192K, 2 young (16384K), 2 survivors (16384K)
 Metaspace       used 155057K, committed 156096K, reserved 1187840K
  class space    used 19769K, committed 20288K, reserved 1048576K
}
Event: 310.155 GC heap before
{Heap before GC invocations=184 (full 0):
 garbage-first heap   total 811008K, used 564648K [0x0000000580000000, 0x0000000800000000)
  region size 8192K, 19 young (155648K), 2 survivors (16384K)
 Metaspace       used 154511K, committed 155712K, reserved 1187840K
  class space    used 19724K, committed 20288K, reserved 1048576K
}
Event: 310.184 GC heap after
{Heap after GC invocations=185 (full 0):
 garbage-first heap   total 811008K, used 449960K [0x0000000580000000, 0x0000000800000000)
  region size 8192K, 2 young (16384K), 2 survivors (16384K)
 Metaspace       used 154511K, committed 155712K, reserved 1187840K
  class space    used 19724K, committed 20288K, reserved 1048576K
}
Event: 310.275 GC heap before
{Heap before GC invocations=185 (full 0):
 garbage-first heap   total 811008K, used 466344K [0x0000000580000000, 0x0000000800000000)
  region size 8192K, 4 young (32768K), 2 survivors (16384K)
 Metaspace       used 154511K, committed 155712K, reserved 1187840K
  class space    used 19724K, committed 20288K, reserved 1048576K
}
Event: 310.334 GC heap after
{Heap after GC invocations=186 (full 0):
 garbage-first heap   total 811008K, used 390900K [0x0000000580000000, 0x0000000800000000)
  region size 8192K, 1 young (8192K), 1 survivors (8192K)
 Metaspace       used 154511K, committed 155712K, reserved 1187840K
  class space    used 19724K, committed 20288K, reserved 1048576K
}
Event: 310.395 GC heap before
{Heap before GC invocations=186 (full 0):
 garbage-first heap   total 811008K, used 415476K [0x0000000580000000, 0x0000000800000000)
  region size 8192K, 4 young (32768K), 1 survivors (8192K)
 Metaspace       used 154511K, committed 155712K, reserved 1187840K
  class space    used 19724K, committed 20288K, reserved 1048576K
}
Event: 310.446 GC heap after
{Heap after GC invocations=187 (full 0):
 garbage-first heap   total 811008K, used 369117K [0x0000000580000000, 0x0000000800000000)
  region size 8192K, 1 young (8192K), 1 survivors (8192K)
 Metaspace       used 154511K, committed 155712K, reserved 1187840K
  class space    used 19724K, committed 20288K, reserved 1048576K
}
Event: 311.509 GC heap before
{Heap before GC invocations=187 (full 0):
 garbage-first heap   total 811008K, used 639453K [0x0000000580000000, 0x0000000800000000)
  region size 8192K, 28 young (229376K), 1 survivors (8192K)
 Metaspace       used 154512K, committed 155712K, reserved 1187840K
  class space    used 19724K, committed 20288K, reserved 1048576K
}

