# JRE version: OpenJDK Runtime Environment (11.0.13) (build 11.0.13+0-b1751.21-8125866)
# Java VM: OpenJDK 64-Bit Server VM (11.0.13+0-b1751.21-8125866, mixed mode, tiered, compressed oops, g1 gc, windows-amd64)
Heap:
 garbage-first heap   total 262144K, used 142381K [0x0000000080000000, 0x0000000100000000)
  region size 1024K, 9 young (9216K), 3 survivors (3072K)
 Metaspace       used 95605K, capacity 98051K, committed 98216K, reserved 1134592K
  class space    used 12279K, capacity 13205K, committed 13336K, reserved 1048576K
GC Heap History (20 events):
Event: 11.864 GC heap before
{Heap before GC invocations=9 (full 0):
 garbage-first heap   total 262144K, used 126523K [0x0000000080000000, 0x0000000100000000)
  region size 1024K, 98 young (100352K), 14 survivors (14336K)
 Metaspace       used 59155K, capacity 60602K, committed 60636K, reserved 1101824K
  class space    used 7453K, capacity 7979K, committed 8012K, reserved 1048576K
}
Event: 11.879 GC heap after
{Heap after GC invocations=10 (full 0):
 garbage-first heap   total 262144K, used 46973K [0x0000000080000000, 0x0000000100000000)
  region size 1024K, 14 young (14336K), 14 survivors (14336K)
 Metaspace       used 59155K, capacity 60602K, committed 60636K, reserved 1101824K
  class space    used 7453K, capacity 7979K, committed 8012K, reserved 1048576K
}
Event: 13.860 GC heap before
{Heap before GC invocations=11 (full 0):
 garbage-first heap   total 262144K, used 167805K [0x0000000080000000, 0x0000000100000000)
  region size 1024K, 125 young (128000K), 14 survivors (14336K)
 Metaspace       used 65691K, capacity 67377K, committed 67496K, reserved 1107968K
  class space    used 8297K, capacity 8917K, committed 8984K, reserved 1048576K
}
Event: 13.876 GC heap after
{Heap after GC invocations=12 (full 0):
 garbage-first heap   total 262144K, used 55728K [0x0000000080000000, 0x0000000100000000)
  region size 1024K, 13 young (13312K), 13 survivors (13312K)
 Metaspace       used 65691K, capacity 67377K, committed 67496K, reserved 1107968K
  class space    used 8297K, capacity 8917K, committed 8984K, reserved 1048576K
}
Event: 16.038 GC heap before
{Heap before GC invocations=12 (full 0):
 garbage-first heap   total 262144K, used 172464K [0x0000000080000000, 0x0000000100000000)
  region size 1024K, 127 young (130048K), 13 survivors (13312K)
 Metaspace       used 73224K, capacity 74939K, committed 75176K, reserved 1114112K
  class space    used 9472K, capacity 10119K, committed 10264K, reserved 1048576K
}
Event: 16.054 GC heap after
{Heap after GC invocations=13 (full 0):
 garbage-first heap   total 262144K, used 64612K [0x0000000080000000, 0x0000000100000000)
  region size 1024K, 9 young (9216K), 9 survivors (9216K)
 Metaspace       used 73224K, capacity 74939K, committed 75176K, reserved 1114112K
  class space    used 9472K, capacity 10119K, committed 10264K, reserved 1048576K
}
Event: 19.071 GC heap before
{Heap before GC invocations=13 (full 0):
 garbage-first heap   total 262144K, used 181348K [0x0000000080000000, 0x0000000100000000)
  region size 1024K, 124 young (126976K), 9 survivors (9216K)
 Metaspace       used 82811K, capacity 84912K, committed 85032K, reserved 1122304K
  class space    used 10799K, capacity 11580K, committed 11672K, reserved 1048576K
}
Event: 19.085 GC heap after
{Heap after GC invocations=14 (full 0):
 garbage-first heap   total 262144K, used 72292K [0x0000000080000000, 0x0000000100000000)
  region size 1024K, 16 young (16384K), 16 survivors (16384K)
 Metaspace       used 82811K, capacity 84912K, committed 85032K, reserved 1122304K
  class space    used 10799K, capacity 11580K, committed 11672K, reserved 1048576K
}
Event: 20.975 GC heap before
{Heap before GC invocations=14 (full 0):
 garbage-first heap   total 262144K, used 190052K [0x0000000080000000, 0x0000000100000000)
  region size 1024K, 132 young (135168K), 16 survivors (16384K)
 Metaspace       used 83896K, capacity 86129K, committed 86312K, reserved 1124352K
  class space    used 10855K, capacity 11650K, committed 11672K, reserved 1048576K
}
Event: 20.994 GC heap after
{Heap after GC invocations=15 (full 0):
 garbage-first heap   total 262144K, used 80291K [0x0000000080000000, 0x0000000100000000)
  region size 1024K, 17 young (17408K), 17 survivors (17408K)
 Metaspace       used 83896K, capacity 86129K, committed 86312K, reserved 1124352K
  class space    used 10855K, capacity 11650K, committed 11672K, reserved 1048576K
}
Event: 22.290 GC heap before
{Heap before GC invocations=15 (full 0):
 garbage-first heap   total 262144K, used 196003K [0x0000000080000000, 0x0000000100000000)
  region size 1024K, 131 young (134144K), 17 survivors (17408K)
 Metaspace       used 86454K, capacity 88648K, committed 88744K, reserved 1126400K
  class space    used 11137K, capacity 11980K, committed 12056K, reserved 1048576K
}
Event: 22.308 GC heap after
{Heap after GC invocations=16 (full 0):
 garbage-first heap   total 262144K, used 87654K [0x0000000080000000, 0x0000000100000000)
  region size 1024K, 15 young (15360K), 15 survivors (15360K)
 Metaspace       used 86454K, capacity 88648K, committed 88744K, reserved 1126400K
  class space    used 11137K, capacity 11980K, committed 12056K, reserved 1048576K
}
Event: 23.430 GC heap before
{Heap before GC invocations=16 (full 0):
 garbage-first heap   total 262144K, used 201318K [0x0000000080000000, 0x0000000100000000)
  region size 1024K, 127 young (130048K), 15 survivors (15360K)
 Metaspace       used 88985K, capacity 91161K, committed 91304K, reserved 1128448K
  class space    used 11424K, capacity 12238K, committed 12312K, reserved 1048576K
}
Event: 23.445 GC heap after
{Heap after GC invocations=17 (full 0):
 garbage-first heap   total 262144K, used 94720K [0x0000000080000000, 0x0000000100000000)
  region size 1024K, 14 young (14336K), 14 survivors (14336K)
 Metaspace       used 88985K, capacity 91161K, committed 91304K, reserved 1128448K
  class space    used 11424K, capacity 12238K, committed 12312K, reserved 1048576K
}
Event: 32.931 GC heap before
{Heap before GC invocations=17 (full 0):
 garbage-first heap   total 262144K, used 206336K [0x0000000080000000, 0x0000000100000000)
  region size 1024K, 123 young (125952K), 14 survivors (14336K)
 Metaspace       used 93684K, capacity 96031K, committed 96168K, reserved 1132544K
  class space    used 12037K, capacity 12949K, committed 13080K, reserved 1048576K
}
Event: 32.947 GC heap after
{Heap after GC invocations=18 (full 0):
 garbage-first heap   total 262144K, used 100603K [0x0000000080000000, 0x0000000100000000)
  region size 1024K, 13 young (13312K), 13 survivors (13312K)
 Metaspace       used 93684K, capacity 96031K, committed 96168K, reserved 1132544K
  class space    used 12037K, capacity 12949K, committed 13080K, reserved 1048576K
}
Event: 34.045 GC heap before
{Heap before GC invocations=18 (full 0):
 garbage-first heap   total 262144K, used 166139K [0x0000000080000000, 0x0000000100000000)
  region size 1024K, 50 young (51200K), 13 survivors (13312K)
 Metaspace       used 95164K, capacity 97683K, committed 97960K, reserved 1134592K
  class space    used 12225K, capacity 13191K, committed 13336K, reserved 1048576K
}
Event: 34.057 GC heap after
{Heap after GC invocations=19 (full 0):
 garbage-first heap   total 262144K, used 131219K [0x0000000080000000, 0x0000000100000000)
  region size 1024K, 9 young (9216K), 9 survivors (9216K)
 Metaspace       used 95164K, capacity 97683K, committed 97960K, reserved 1134592K
  class space    used 12225K, capacity 13191K, committed 13336K, reserved 1048576K
}
Event: 34.366 GC heap before
{Heap before GC invocations=20 (full 0):
 garbage-first heap   total 262144K, used 143507K [0x0000000080000000, 0x0000000100000000)
  region size 1024K, 11 young (11264K), 9 survivors (9216K)
 Metaspace       used 95190K, capacity 97642K, committed 97960K, reserved 1134592K
  class space    used 12222K, capacity 13154K, committed 13336K, reserved 1048576K
}
Event: 34.374 GC heap after
{Heap after GC invocations=21 (full 0):
 garbage-first heap   total 262144K, used 103469K [0x0000000080000000, 0x0000000100000000)
  region size 1024K, 3 young (3072K), 3 survivors (3072K)
 Metaspace       used 95190K, capacity 97642K, committed 97960K, reserved 1134592K
  class space    used 12222K, capacity 13154K, committed 13336K, reserved 1048576K
}

