# JRE version: OpenJDK Runtime Environment (11.0.13) (build 11.0.13+0-b1751.21-8125866)
# Java VM: OpenJDK 64-Bit Server VM (11.0.13+0-b1751.21-8125866, mixed mode, tiered, compressed oops, g1 gc, windows-amd64)
Heap:
 garbage-first heap   total 270336K, used 146443K [0x0000000080000000, 0x0000000100000000)
  region size 1024K, 19 young (19456K), 4 survivors (4096K)
 Metaspace       used 130279K, capacity 134301K, committed 134444K, reserved 1167360K
  class space    used 16038K, capacity 17534K, committed 17536K, reserved 1048576K
GC Heap History (20 events):
Event: 6529.993 GC heap before
{Heap before GC invocations=78 (full 0):
 garbage-first heap   total 270336K, used 114049K [0x0000000080000000, 0x0000000100000000)
  region size 1024K, 3 young (3072K), 1 survivors (1024K)
 Metaspace       used 129537K, capacity 133480K, committed 133676K, reserved 1165312K
  class space    used 15994K, capacity 17455K, committed 17536K, reserved 1048576K
}
Event: 6529.996 GC heap after
{Heap after GC invocations=79 (full 0):
 garbage-first heap   total 270336K, used 113823K [0x0000000080000000, 0x0000000100000000)
  region size 1024K, 1 young (1024K), 1 survivors (1024K)
 Metaspace       used 129537K, capacity 133480K, committed 133676K, reserved 1165312K
  class space    used 15994K, capacity 17455K, committed 17536K, reserved 1048576K
}
Event: 7720.091 GC heap before
{Heap before GC invocations=80 (full 0):
 garbage-first heap   total 270336K, used 222367K [0x0000000080000000, 0x0000000100000000)
  region size 1024K, 72 young (73728K), 1 survivors (1024K)
 Metaspace       used 129780K, capacity 133713K, committed 133932K, reserved 1165312K
  class space    used 16021K, capacity 17504K, committed 17536K, reserved 1048576K
}
Event: 7720.100 GC heap after
{Heap after GC invocations=81 (full 0):
 garbage-first heap   total 270336K, used 118428K [0x0000000080000000, 0x0000000100000000)
  region size 1024K, 6 young (6144K), 6 survivors (6144K)
 Metaspace       used 129780K, capacity 133713K, committed 133932K, reserved 1165312K
  class space    used 16021K, capacity 17504K, committed 17536K, reserved 1048576K
}
Event: 7720.149 GC heap before
{Heap before GC invocations=81 (full 0):
 garbage-first heap   total 270336K, used 125596K [0x0000000080000000, 0x0000000100000000)
  region size 1024K, 13 young (13312K), 6 survivors (6144K)
 Metaspace       used 129785K, capacity 133713K, committed 133932K, reserved 1165312K
  class space    used 16021K, capacity 17504K, committed 17536K, reserved 1048576K
}
Event: 7720.159 GC heap after
{Heap after GC invocations=82 (full 0):
 garbage-first heap   total 270336K, used 117346K [0x0000000080000000, 0x0000000100000000)
  region size 1024K, 2 young (2048K), 2 survivors (2048K)
 Metaspace       used 129785K, capacity 133713K, committed 133932K, reserved 1165312K
  class space    used 16021K, capacity 17504K, committed 17536K, reserved 1048576K
}
Event: 7720.720 GC heap before
{Heap before GC invocations=82 (full 0):
 garbage-first heap   total 270336K, used 147042K [0x0000000080000000, 0x0000000100000000)
  region size 1024K, 33 young (33792K), 2 survivors (2048K)
 Metaspace       used 129821K, capacity 133780K, committed 133932K, reserved 1165312K
  class space    used 16021K, capacity 17504K, committed 17536K, reserved 1048576K
}
Event: 7720.735 GC heap after
{Heap after GC invocations=83 (full 0):
 garbage-first heap   total 270336K, used 121043K [0x0000000080000000, 0x0000000100000000)
  region size 1024K, 5 young (5120K), 5 survivors (5120K)
 Metaspace       used 129821K, capacity 133780K, committed 133932K, reserved 1165312K
  class space    used 16021K, capacity 17504K, committed 17536K, reserved 1048576K
}
Event: 7721.650 GC heap before
{Heap before GC invocations=84 (full 0):
 garbage-first heap   total 270336K, used 199891K [0x0000000080000000, 0x0000000100000000)
  region size 1024K, 81 young (82944K), 5 survivors (5120K)
 Metaspace       used 129942K, capacity 133911K, committed 133932K, reserved 1165312K
  class space    used 16032K, capacity 17525K, committed 17536K, reserved 1048576K
}
Event: 7721.655 GC heap after
{Heap after GC invocations=85 (full 0):
 garbage-first heap   total 270336K, used 123275K [0x0000000080000000, 0x0000000100000000)
  region size 1024K, 5 young (5120K), 5 survivors (5120K)
 Metaspace       used 129942K, capacity 133911K, committed 133932K, reserved 1165312K
  class space    used 16032K, capacity 17525K, committed 17536K, reserved 1048576K
}
Event: 7734.146 GC heap before
{Heap before GC invocations=85 (full 0):
 garbage-first heap   total 270336K, used 131467K [0x0000000080000000, 0x0000000100000000)
  region size 1024K, 13 young (13312K), 5 survivors (5120K)
 Metaspace       used 129995K, capacity 133965K, committed 134188K, reserved 1167360K
  class space    used 16038K, capacity 17534K, committed 17536K, reserved 1048576K
}
Event: 7734.155 GC heap after
{Heap after GC invocations=86 (full 0):
 garbage-first heap   total 270336K, used 109252K [0x0000000080000000, 0x0000000100000000)
  region size 1024K, 2 young (2048K), 2 survivors (2048K)
 Metaspace       used 129995K, capacity 133965K, committed 134188K, reserved 1167360K
  class space    used 16038K, capacity 17534K, committed 17536K, reserved 1048576K
}
Event: 7737.200 GC heap before
{Heap before GC invocations=86 (full 0):
 garbage-first heap   total 270336K, used 182980K [0x0000000080000000, 0x0000000100000000)
  region size 1024K, 76 young (77824K), 2 survivors (2048K)
 Metaspace       used 130108K, capacity 134158K, committed 134188K, reserved 1167360K
  class space    used 16038K, capacity 17534K, committed 17536K, reserved 1048576K
}
Event: 7737.217 GC heap after
{Heap after GC invocations=87 (full 0):
 garbage-first heap   total 270336K, used 118711K [0x0000000080000000, 0x0000000100000000)
  region size 1024K, 12 young (12288K), 12 survivors (12288K)
 Metaspace       used 130108K, capacity 134158K, committed 134188K, reserved 1167360K
  class space    used 16038K, capacity 17534K, committed 17536K, reserved 1048576K
}
Event: 7737.847 GC heap before
{Heap before GC invocations=88 (full 0):
 garbage-first heap   total 270336K, used 203703K [0x0000000080000000, 0x0000000100000000)
  region size 1024K, 94 young (96256K), 12 survivors (12288K)
 Metaspace       used 130152K, capacity 134164K, committed 134188K, reserved 1167360K
  class space    used 16038K, capacity 17534K, committed 17536K, reserved 1048576K
}
Event: 7737.872 GC heap after
{Heap after GC invocations=89 (full 0):
 garbage-first heap   total 270336K, used 135491K [0x0000000080000000, 0x0000000100000000)
  region size 1024K, 12 young (12288K), 12 survivors (12288K)
 Metaspace       used 130152K, capacity 134164K, committed 134188K, reserved 1167360K
  class space    used 16038K, capacity 17534K, committed 17536K, reserved 1048576K
}
Event: 7737.877 GC heap before
{Heap before GC invocations=89 (full 0):
 garbage-first heap   total 270336K, used 136515K [0x0000000080000000, 0x0000000100000000)
  region size 1024K, 13 young (13312K), 12 survivors (12288K)
 Metaspace       used 130152K, capacity 134164K, committed 134188K, reserved 1167360K
  class space    used 16038K, capacity 17534K, committed 17536K, reserved 1048576K
}
Event: 7737.893 GC heap after
{Heap after GC invocations=90 (full 0):
 garbage-first heap   total 270336K, used 130539K [0x0000000080000000, 0x0000000100000000)
  region size 1024K, 2 young (2048K), 2 survivors (2048K)
 Metaspace       used 130152K, capacity 134164K, committed 134188K, reserved 1167360K
  class space    used 16038K, capacity 17534K, committed 17536K, reserved 1048576K
}
Event: 7738.994 GC heap before
{Heap before GC invocations=90 (full 0):
 garbage-first heap   total 270336K, used 207339K [0x0000000080000000, 0x0000000100000000)
  region size 1024K, 77 young (78848K), 2 survivors (2048K)
 Metaspace       used 130258K, capacity 134298K, committed 134444K, reserved 1167360K
  class space    used 16038K, capacity 17534K, committed 17536K, reserved 1048576K
}
Event: 7739.003 GC heap after
{Heap after GC invocations=91 (full 0):
 garbage-first heap   total 270336K, used 132107K [0x0000000080000000, 0x0000000100000000)
  region size 1024K, 4 young (4096K), 4 survivors (4096K)
 Metaspace       used 130258K, capacity 134298K, committed 134444K, reserved 1167360K
  class space    used 16038K, capacity 17534K, committed 17536K, reserved 1048576K
}

