# JRE version: OpenJDK Runtime Environment (11.0.13) (build 11.0.13+0-b1751.21-8125866)
# Java VM: OpenJDK 64-Bit Server VM (11.0.13+0-b1751.21-8125866, mixed mode, tiered, compressed oops, g1 gc, windows-amd64)
Heap:
 garbage-first heap   total 365568K, used 294247K [0x0000000080000000, 0x0000000100000000)
  region size 1024K, 144 young (147456K), 5 survivors (5120K)
 Metaspace       used 134279K, capacity 137625K, committed 137736K, reserved 1169408K
  class space    used 16474K, capacity 17730K, committed 17824K, reserved 1048576K
GC Heap History (20 events):
Event: 44.851 GC heap before
{Heap before GC invocations=25 (full 0):
 garbage-first heap   total 365568K, used 283648K [0x0000000080000000, 0x0000000100000000)
  region size 1024K, 162 young (165888K), 16 survivors (16384K)
 Metaspace       used 118485K, capacity 121221K, committed 121352K, reserved 1155072K
  class space    used 14531K, capacity 15500K, committed 15520K, reserved 1048576K
}
Event: 44.871 GC heap after
{Heap after GC invocations=26 (full 0):
 garbage-first heap   total 365568K, used 149353K [0x0000000080000000, 0x0000000100000000)
  region size 1024K, 15 young (15360K), 15 survivors (15360K)
 Metaspace       used 118485K, capacity 121221K, committed 121352K, reserved 1155072K
  class space    used 14531K, capacity 15500K, committed 15520K, reserved 1048576K
}
Event: 46.167 GC heap before
{Heap before GC invocations=26 (full 0):
 garbage-first heap   total 365568K, used 293737K [0x0000000080000000, 0x0000000100000000)
  region size 1024K, 153 young (156672K), 15 survivors (15360K)
 Metaspace       used 119183K, capacity 121913K, committed 121992K, reserved 1155072K
  class space    used 14607K, capacity 15593K, committed 15648K, reserved 1048576K
}
Event: 46.177 GC heap after
{Heap after GC invocations=27 (full 0):
 garbage-first heap   total 365568K, used 146944K [0x0000000080000000, 0x0000000100000000)
  region size 1024K, 4 young (4096K), 4 survivors (4096K)
 Metaspace       used 119183K, capacity 121913K, committed 121992K, reserved 1155072K
  class space    used 14607K, capacity 15593K, committed 15648K, reserved 1048576K
}
Event: 47.906 GC heap before
{Heap before GC invocations=27 (full 0):
 garbage-first heap   total 365568K, used 293376K [0x0000000080000000, 0x0000000100000000)
  region size 1024K, 148 young (151552K), 4 survivors (4096K)
 Metaspace       used 129285K, capacity 132377K, committed 132488K, reserved 1165312K
  class space    used 16025K, capacity 17184K, committed 17184K, reserved 1048576K
}
Event: 47.920 GC heap after
{Heap after GC invocations=28 (full 0):
 garbage-first heap   total 365568K, used 159738K [0x0000000080000000, 0x0000000100000000)
  region size 1024K, 16 young (16384K), 16 survivors (16384K)
 Metaspace       used 129285K, capacity 132377K, committed 132488K, reserved 1165312K
  class space    used 16025K, capacity 17184K, committed 17184K, reserved 1048576K
}
Event: 49.812 GC heap before
{Heap before GC invocations=28 (full 0):
 garbage-first heap   total 365568K, used 295930K [0x0000000080000000, 0x0000000100000000)
  region size 1024K, 150 young (153600K), 16 survivors (16384K)
 Metaspace       used 133293K, capacity 136552K, committed 136840K, reserved 1169408K
  class space    used 16404K, capacity 17647K, committed 17696K, reserved 1048576K
}
Event: 49.828 GC heap after
{Heap after GC invocations=29 (full 0):
 garbage-first heap   total 365568K, used 166143K [0x0000000080000000, 0x0000000100000000)
  region size 1024K, 10 young (10240K), 10 survivors (10240K)
 Metaspace       used 133293K, capacity 136552K, committed 136840K, reserved 1169408K
  class space    used 16404K, capacity 17647K, committed 17696K, reserved 1048576K
}
Event: 50.626 GC heap before
{Heap before GC invocations=29 (full 0):
 garbage-first heap   total 365568K, used 297215K [0x0000000080000000, 0x0000000100000000)
  region size 1024K, 138 young (141312K), 10 survivors (10240K)
 Metaspace       used 133551K, capacity 136799K, committed 136840K, reserved 1169408K
  class space    used 16436K, capacity 17684K, committed 17696K, reserved 1048576K
}
Event: 50.636 GC heap after
{Heap after GC invocations=30 (full 0):
 garbage-first heap   total 365568K, used 171918K [0x0000000080000000, 0x0000000100000000)
  region size 1024K, 7 young (7168K), 7 survivors (7168K)
 Metaspace       used 133551K, capacity 136799K, committed 136840K, reserved 1169408K
  class space    used 16436K, capacity 17684K, committed 17696K, reserved 1048576K
}
Event: 51.766 GC heap before
{Heap before GC invocations=30 (full 0):
 garbage-first heap   total 365568K, used 300942K [0x0000000080000000, 0x0000000100000000)
  region size 1024K, 133 young (136192K), 7 survivors (7168K)
 Metaspace       used 133676K, capacity 137000K, committed 137096K, reserved 1169408K
  class space    used 16451K, capacity 17686K, committed 17696K, reserved 1048576K
}
Event: 51.778 GC heap after
{Heap after GC invocations=31 (full 0):
 garbage-first heap   total 365568K, used 173974K [0x0000000080000000, 0x0000000100000000)
  region size 1024K, 9 young (9216K), 9 survivors (9216K)
 Metaspace       used 133676K, capacity 137000K, committed 137096K, reserved 1169408K
  class space    used 16451K, capacity 17686K, committed 17696K, reserved 1048576K
}
Event: 52.679 GC heap before
{Heap before GC invocations=32 (full 0):
 garbage-first heap   total 365568K, used 287638K [0x0000000080000000, 0x0000000100000000)
  region size 1024K, 136 young (139264K), 9 survivors (9216K)
 Metaspace       used 133539K, capacity 136770K, committed 137096K, reserved 1169408K
  class space    used 16405K, capacity 17605K, committed 17696K, reserved 1048576K
}
Event: 52.691 GC heap after
{Heap after GC invocations=33 (full 0):
 garbage-first heap   total 365568K, used 157590K [0x0000000080000000, 0x0000000100000000)
  region size 1024K, 9 young (9216K), 9 survivors (9216K)
 Metaspace       used 133539K, capacity 136770K, committed 137096K, reserved 1169408K
  class space    used 16405K, capacity 17605K, committed 17696K, reserved 1048576K
}
Event: 52.772 GC heap before
{Heap before GC invocations=33 (full 0):
 garbage-first heap   total 365568K, used 165782K [0x0000000080000000, 0x0000000100000000)
  region size 1024K, 17 young (17408K), 9 survivors (9216K)
 Metaspace       used 133539K, capacity 136770K, committed 137096K, reserved 1169408K
  class space    used 16405K, capacity 17605K, committed 17696K, reserved 1048576K
}
Event: 52.781 GC heap after
{Heap after GC invocations=34 (full 0):
 garbage-first heap   total 365568K, used 150237K [0x0000000080000000, 0x0000000100000000)
  region size 1024K, 2 young (2048K), 2 survivors (2048K)
 Metaspace       used 133539K, capacity 136770K, committed 137096K, reserved 1169408K
  class space    used 16405K, capacity 17605K, committed 17696K, reserved 1048576K
}
Event: 53.524 GC heap before
{Heap before GC invocations=34 (full 0):
 garbage-first heap   total 365568K, used 292573K [0x0000000080000000, 0x0000000100000000)
  region size 1024K, 141 young (144384K), 2 survivors (2048K)
 Metaspace       used 133824K, capacity 137159K, committed 137480K, reserved 1169408K
  class space    used 16462K, capacity 17710K, committed 17824K, reserved 1048576K
}
Event: 53.529 GC heap after
{Heap after GC invocations=35 (full 0):
 garbage-first heap   total 365568K, used 150977K [0x0000000080000000, 0x0000000100000000)
  region size 1024K, 3 young (3072K), 3 survivors (3072K)
 Metaspace       used 133824K, capacity 137159K, committed 137480K, reserved 1169408K
  class space    used 16462K, capacity 17710K, committed 17824K, reserved 1048576K
}
Event: 54.348 GC heap before
{Heap before GC invocations=35 (full 0):
 garbage-first heap   total 365568K, used 297409K [0x0000000080000000, 0x0000000100000000)
  region size 1024K, 145 young (148480K), 3 survivors (3072K)
 Metaspace       used 134264K, capacity 137623K, committed 137736K, reserved 1169408K
  class space    used 16474K, capacity 17730K, committed 17824K, reserved 1048576K
}
Event: 54.354 GC heap after
{Heap after GC invocations=36 (full 0):
 garbage-first heap   total 365568K, used 152935K [0x0000000080000000, 0x0000000100000000)
  region size 1024K, 5 young (5120K), 5 survivors (5120K)
 Metaspace       used 134264K, capacity 137623K, committed 137736K, reserved 1169408K
  class space    used 16474K, capacity 17730K, committed 17824K, reserved 1048576K
}

