# JRE version: OpenJDK Runtime Environment (11.0.13) (build 11.0.13+0-b1751.21-8125866)
# Java VM: OpenJDK 64-Bit Server VM (11.0.13+0-b1751.21-8125866, mixed mode, tiered, compressed oops, g1 gc, windows-amd64)
Heap:
 garbage-first heap   total 262144K, used 187224K [0x0000000080000000, 0x0000000100000000)
  region size 1024K, 1 young (1024K), 1 survivors (1024K)
 Metaspace       used 116198K, capacity 118777K, committed 118960K, reserved 1161216K
  class space    used 14518K, capacity 15507K, committed 15616K, reserved 1048576K
GC Heap History (20 events):
Event: 4010.804 GC heap before
{Heap before GC invocations=38 (full 0):
 garbage-first heap   total 262144K, used 199942K [0x0000000080000000, 0x0000000100000000)
  region size 1024K, 41 young (41984K), 4 survivors (4096K)
 Metaspace       used 106688K, capacity 109274K, committed 109872K, reserved 1144832K
  class space    used 13348K, capacity 14286K, committed 14464K, reserved 1048576K
}
Event: 4010.812 GC heap after
{Heap after GC invocations=39 (full 0):
 garbage-first heap   total 262144K, used 165164K [0x0000000080000000, 0x0000000100000000)
  region size 1024K, 5 young (5120K), 5 survivors (5120K)
 Metaspace       used 106688K, capacity 109274K, committed 109872K, reserved 1144832K
  class space    used 13348K, capacity 14286K, committed 14464K, reserved 1048576K
}
Event: 4010.859 GC heap before
{Heap before GC invocations=39 (full 0):
 garbage-first heap   total 262144K, used 171308K [0x0000000080000000, 0x0000000100000000)
  region size 1024K, 12 young (12288K), 5 survivors (5120K)
 Metaspace       used 106865K, capacity 109434K, committed 109872K, reserved 1144832K
  class space    used 13377K, capacity 14318K, committed 14464K, reserved 1048576K
}
Event: 4010.867 GC heap after
{Heap after GC invocations=40 (full 0):
 garbage-first heap   total 262144K, used 160626K [0x0000000080000000, 0x0000000100000000)
  region size 1024K, 1 young (1024K), 1 survivors (1024K)
 Metaspace       used 106865K, capacity 109434K, committed 109872K, reserved 1144832K
  class space    used 13377K, capacity 14318K, committed 14464K, reserved 1048576K
}
Event: 4011.336 GC heap before
{Heap before GC invocations=40 (full 0):
 garbage-first heap   total 262144K, used 207730K [0x0000000080000000, 0x0000000100000000)
  region size 1024K, 48 young (49152K), 1 survivors (1024K)
 Metaspace       used 108642K, capacity 111195K, committed 111664K, reserved 1146880K
  class space    used 13609K, capacity 14542K, committed 14720K, reserved 1048576K
}
Event: 4011.341 GC heap after
{Heap after GC invocations=41 (full 0):
 garbage-first heap   total 262144K, used 162025K [0x0000000080000000, 0x0000000100000000)
  region size 1024K, 3 young (3072K), 3 survivors (3072K)
 Metaspace       used 108642K, capacity 111195K, committed 111664K, reserved 1146880K
  class space    used 13609K, capacity 14542K, committed 14720K, reserved 1048576K
}
Event: 4011.898 GC heap before
{Heap before GC invocations=42 (full 0):
 garbage-first heap   total 262144K, used 211177K [0x0000000080000000, 0x0000000100000000)
  region size 1024K, 52 young (53248K), 3 survivors (3072K)
 Metaspace       used 109907K, capacity 112479K, committed 113072K, reserved 1146880K
  class space    used 13747K, capacity 14670K, committed 14848K, reserved 1048576K
}
Event: 4011.905 GC heap after
{Heap after GC invocations=43 (full 0):
 garbage-first heap   total 262144K, used 165513K [0x0000000080000000, 0x0000000100000000)
  region size 1024K, 6 young (6144K), 6 survivors (6144K)
 Metaspace       used 109907K, capacity 112479K, committed 113072K, reserved 1146880K
  class space    used 13747K, capacity 14670K, committed 14848K, reserved 1048576K
}
Event: 4012.571 GC heap before
{Heap before GC invocations=43 (full 0):
 garbage-first heap   total 262144K, used 213641K [0x0000000080000000, 0x0000000100000000)
  region size 1024K, 54 young (55296K), 6 survivors (6144K)
 Metaspace       used 110339K, capacity 112866K, committed 113328K, reserved 1148928K
  class space    used 13799K, capacity 14715K, committed 14848K, reserved 1048576K
}
Event: 4012.580 GC heap after
{Heap after GC invocations=44 (full 0):
 garbage-first heap   total 262144K, used 168231K [0x0000000080000000, 0x0000000100000000)
  region size 1024K, 3 young (3072K), 3 survivors (3072K)
 Metaspace       used 110339K, capacity 112866K, committed 113328K, reserved 1148928K
  class space    used 13799K, capacity 14715K, committed 14848K, reserved 1048576K
}
Event: 4021.940 GC heap before
{Heap before GC invocations=44 (full 0):
 garbage-first heap   total 262144K, used 216359K [0x0000000080000000, 0x0000000100000000)
  region size 1024K, 51 young (52224K), 3 survivors (3072K)
 Metaspace       used 111190K, capacity 113684K, committed 114224K, reserved 1148928K
  class space    used 13888K, capacity 14816K, committed 14976K, reserved 1048576K
}
Event: 4021.950 GC heap after
{Heap after GC invocations=45 (full 0):
 garbage-first heap   total 262144K, used 174487K [0x0000000080000000, 0x0000000100000000)
  region size 1024K, 7 young (7168K), 7 survivors (7168K)
 Metaspace       used 111190K, capacity 113684K, committed 114224K, reserved 1148928K
  class space    used 13888K, capacity 14816K, committed 14976K, reserved 1048576K
}
Event: 4022.728 GC heap before
{Heap before GC invocations=45 (full 0):
 garbage-first heap   total 262144K, used 218519K [0x0000000080000000, 0x0000000100000000)
  region size 1024K, 51 young (52224K), 7 survivors (7168K)
 Metaspace       used 111507K, capacity 114076K, committed 114480K, reserved 1148928K
  class space    used 13924K, capacity 14861K, committed 14976K, reserved 1048576K
}
Event: 4022.735 GC heap after
{Heap after GC invocations=46 (full 0):
 garbage-first heap   total 262144K, used 176066K [0x0000000080000000, 0x0000000100000000)
  region size 1024K, 2 young (2048K), 2 survivors (2048K)
 Metaspace       used 111507K, capacity 114076K, committed 114480K, reserved 1148928K
  class space    used 13924K, capacity 14861K, committed 14976K, reserved 1048576K
}
Event: 4023.221 GC heap before
{Heap before GC invocations=46 (full 0):
 garbage-first heap   total 262144K, used 219074K [0x0000000080000000, 0x0000000100000000)
  region size 1024K, 45 young (46080K), 2 survivors (2048K)
 Metaspace       used 112302K, capacity 114898K, committed 115248K, reserved 1148928K
  class space    used 14000K, capacity 14942K, committed 14976K, reserved 1048576K
}
Event: 4023.228 GC heap after
{Heap after GC invocations=47 (full 0):
 garbage-first heap   total 262144K, used 179516K [0x0000000080000000, 0x0000000100000000)
  region size 1024K, 5 young (5120K), 5 survivors (5120K)
 Metaspace       used 112302K, capacity 114898K, committed 115248K, reserved 1148928K
  class space    used 14000K, capacity 14942K, committed 14976K, reserved 1048576K
}
Event: 4024.490 GC heap before
{Heap before GC invocations=47 (full 0):
 garbage-first heap   total 262144K, used 221500K [0x0000000080000000, 0x0000000100000000)
  region size 1024K, 47 young (48128K), 5 survivors (5120K)
 Metaspace       used 115142K, capacity 117731K, committed 118064K, reserved 1153024K
  class space    used 14376K, capacity 15371K, committed 15488K, reserved 1048576K
}
Event: 4024.501 GC heap after
{Heap after GC invocations=48 (full 0):
 garbage-first heap   total 262144K, used 185931K [0x0000000080000000, 0x0000000100000000)
  region size 1024K, 6 young (6144K), 6 survivors (6144K)
 Metaspace       used 115142K, capacity 117731K, committed 118064K, reserved 1153024K
  class space    used 14376K, capacity 15371K, committed 15488K, reserved 1048576K
}
Event: 4024.573 GC heap before
{Heap before GC invocations=48 (full 0):
 garbage-first heap   total 262144K, used 189003K [0x0000000080000000, 0x0000000100000000)
  region size 1024K, 11 young (11264K), 6 survivors (6144K)
 Metaspace       used 116198K, capacity 118777K, committed 118960K, reserved 1159168K
  class space    used 14518K, capacity 15507K, committed 15616K, reserved 1048576K
}
Event: 4024.580 GC heap after
{Heap after GC invocations=49 (full 0):
 garbage-first heap   total 262144K, used 187224K [0x0000000080000000, 0x0000000100000000)
  region size 1024K, 1 young (1024K), 1 survivors (1024K)
 Metaspace       used 116198K, capacity 118777K, committed 118960K, reserved 1159168K
  class space    used 14518K, capacity 15507K, committed 15616K, reserved 1048576K
}

